<?xml version="1.0" encoding="UTF-8"?>
<!-- Generated by org.testng.reporters.JUnitXMLReporter -->
<testsuite hostname="DESKTOP-J7UJK7R" ignored="0" name="test3" tests="1" failures="1" timestamp="2021-09-17T19:00:52 IST" time="94.128" errors="0">
  <testcase name="test" time="58.074" classname="testcases.TitleValidationTest">
    <failure type="java.lang.AssertionError" message="expected [ site in India: Shop Online for Mobiles, Books, Watches, Shoes and More - Amazon.in] but found [Online Shopping site in India: Shop Online for Mobiles, Books, Watches, Shoes and More - Amazon.in]">
      <![CDATA[java.lang.AssertionError: expected [ site in India: Shop Online for Mobiles, Books, Watches, Shoes and More - Amazon.in] but found [Online Shopping site in India: Shop Online for Mobiles, Books, Watches, Shoes and More - Amazon.in]
at testcases.TitleValidationTest.test(TitleValidationTest.java:60)
at java.util.ArrayList.forEach(ArrayList.java:1259)
at java.util.concurrent.FutureTask.run(FutureTask.java:266)
at java.util.concurrent.ThreadPoolExecutor.runWorker(ThreadPoolExecutor.java:1149)
at java.util.concurrent.ThreadPoolExecutor$Worker.run(ThreadPoolExecutor.java:624)
at java.lang.Thread.run(Thread.java:748)
... Removed 24 stack frames]]>
    </failure>
  </testcase> <!-- test -->
</testsuite> <!-- test3 -->
