<?xml version="1.0" encoding="UTF-8"?>
<!-- Generated by org.testng.reporters.JUnitXMLReporter -->
<testsuite hostname="DESKTOP-J7UJK7R" ignored="0" name="Test2" tests="3" failures="0" timestamp="2021-09-16T19:02:53 IST" time="14.55" errors="0">
  <testcase name="cartValidation" time="1.237" classname="testcases.ValidationTest"/>
  <testcase name="productValidtion" time="0.123" classname="testcases.ValidationTest"/>
  <testcase name="searchBoxValidation" time="0.082" classname="testcases.ValidationTest"/>
</testsuite> <!-- Test2 -->
