<?xml version="1.0" encoding="UTF-8"?>
<!-- Generated by org.testng.reporters.JUnitXMLReporter -->
<testsuite hostname="DESKTOP-J7UJK7R" ignored="0" name="Test1" tests="2" failures="2" timestamp="2021-09-17T17:26:07 IST" time="22.675" errors="0">
  <testcase name="test" time="19.568" classname="testcases.TitleValidationTest">
    <failure type="java.lang.AssertionError" message="expected [ site in India: Shop Online for Mobiles, Books, Watches, Shoes and More - Amazon.in] but found [Online Shopping site in India: Shop Online for Mobiles, Books, Watches, Shoes and More - Amazon.in]">
      <![CDATA[java.lang.AssertionError: expected [ site in India: Shop Online for Mobiles, Books, Watches, Shoes and More - Amazon.in] but found [Online Shopping site in India: Shop Online for Mobiles, Books, Watches, Shoes and More - Amazon.in]
at testcases.TitleValidationTest.test(TitleValidationTest.java:59)
at java.util.ArrayList.forEach(ArrayList.java:1259)
... Removed 33 stack frames]]>
    </failure>
  </testcase> <!-- test -->
  <testcase name="test" time="19.612" classname="testcases.TitleValidationTest">
    <failure type="java.lang.NullPointerException">
      <![CDATA[java.lang.NullPointerException
at resources.Base.screenshot(Base.java:44)
at testcases.Listerners.onTestFailure(Listerners.java:52)
at java.util.ArrayList.forEach(ArrayList.java:1259)
... Removed 24 stack frames]]>
    </failure>
  </testcase> <!-- test -->
</testsuite> <!-- Test1 -->
