<?xml version="1.0" encoding="UTF-8"?>
<testsuite xmlns:xsi="http://www.w3.org/2001/XMLSchema-instance" xsi:noNamespaceSchemaLocation="https://maven.apache.org/surefire/maven-surefire-plugin/xsd/surefire-test-report-3.0.xsd" version="3.0" name="TestSuite" time="96.348" tests="3" errors="0" skipped="0" failures="1">
  <properties>
[...]
</properties>
  <testcase name="cartValidation" classname="testcases.ValidationTest1" time="15.051">
    <system-err><![CDATA[SLF4J: Failed to load class "org.slf4j.impl.StaticLoggerBinder".
SLF4J: Defaulting to no-operation (NOP) logger implementation
SLF4J: See http://www.slf4j.org/codes.html#StaticLoggerBinder for further details.
Starting ChromeDriver 92.0.4515.107 (87a818b10553a07434ea9e2b6dccf3cbe7895134-refs/branch-heads/4515@{#1634}) on port 27320
Only local connections are allowed.
Please sSetear htitntpg sC:h/r/ocmherDormievedrr i9v2e.r0..4c5h1r5o.m10iu7m .(o8r7ga/8s1e8bc1ur05i5ty3a-0c7on43s4iedae9rea2tbi6odncsc ff3ocrb es7u8g9g5e1s3t4i-orenfss o/nb rakencephi-nhgea Cdshr/4o5m1e5D@r{i#v1e63r4 s}a)f eo.n
 port 44978
Only local connections are allowed.
Please see https://chromedriver.chromium.org/security-considerations for suggestions on keeping ChromeDriver safe.
ChromeDriver was started successfully.
ChromeDriver was started successfully.
Starting ChromeDriver 92.0.4515.107 (87a818b10553a07434ea9e2b6dccf3cbe7895134-refs/branch-heads/4515@{#1634}) on port 10822
Only local connections are allowed.
Please see https://chromedriver.chromium.org/security-considerations for suggestions on keeping ChromeDriver safe.
ChromeDriver was started successfully.
[1631885364.767][WARNING]: This version of ChromeDriver has not been tested with Chrome version 93.
[1631885365.129][WARNING]: This version of ChromeDriver has not been tested with Chrome version 93.
[1631885365.460][WARNING]: This version of ChromeDriver has not been tested with Chrome version 93.
Sep 17, 2021 6:59:40 PM org.openqa.selenium.remote.ProtocolHandshake createSession
INFO: Detected dialect: W3C
Sep 17, 2021 6:59:40 PM org.openqa.selenium.remote.ProtocolHandshake createSession
INFO: Detected dialect: W3C
Sep 17, 2021 6:59:40 PM org.openqa.selenium.remote.ProtocolHandshake createSession
INFO: Detected dialect: W3C
Sep 17, 2021 6:59:42 PM org.openqa.selenium.devtools.CdpVersionFinder findNearestMatch
INFO: Found exact CDP implementation for version 93
Sep 17, 2021 6:59:42 PM org.openqa.selenium.devtools.CdpVersionFinder findNearestMatch
INFO: Found exact CDP implementation for version 93
Sep 17, 2021 6:59:42 PM org.openqa.selenium.devtools.CdpVersionFinder findNearestMatch
INFO: Found exact CDP implementation for version 93
]]></system-err>
  </testcase>
  <testcase name="searchBoxValidation" classname="testcases.ValidationTest" time="16.642"/>
  <testcase name="test" classname="testcases.TitleValidationTest" time="44.614">
    <failure message="expected [ site in India: Shop Online for Mobiles, Books, Watches, Shoes and More - Amazon.in] but found [Online Shopping site in India: Shop Online for Mobiles, Books, Watches, Shoes and More - Amazon.in]" type="java.lang.AssertionError"><![CDATA[java.lang.AssertionError: expected [ site in India: Shop Online for Mobiles, Books, Watches, Shoes and More - Amazon.in] but found [Online Shopping site in India: Shop Online for Mobiles, Books, Watches, Shoes and More - Amazon.in]
	at testcases.TitleValidationTest.test(TitleValidationTest.java:60)
]]></failure>
  </testcase>
</testsuite>