-------------------------------------------------------------------------------
Test set: TestSuite
-------------------------------------------------------------------------------
Tests run: 3, Failures: 1, Errors: 0, Skipped: 0, Time elapsed: 96.348 s <<< FAILURE! - in TestSuite
testcases.TitleValidationTest.test  Time elapsed: 44.614 s  <<< FAILURE!
java.lang.AssertionError: expected [ site in India: Shop Online for Mobiles, Books, Watches, Shoes and More - Amazon.in] but found [Online Shopping site in India: Shop Online for Mobiles, Books, Watches, Shoes and More - Amazon.in]
	at testcases.TitleValidationTest.test(TitleValidationTest.java:60)

